[08:04:30] [main/WARN]: Ambiguity between arguments [teleport, location] and [teleport, destination] with inputs: [0.1 -0.5 .9, 0 0 0]
[08:04:30] [main/WARN]: Ambiguity between arguments [teleport, location] and [teleport, targets] with inputs: [0.1 -0.5 .9, 0 0 0]
[08:04:30] [main/WARN]: Ambiguity between arguments [teleport, targets] and [teleport, destination] with inputs: [Player, 0123, dd12be42-52a9-4a91-a8a1-11c01849e498]
[08:04:30] [main/WARN]: Ambiguity between arguments [teleport, targets, location] and [teleport, targets, destination] with inputs: [0.1 -0.5 .9, 0 0 0]
[08:04:30] [main/INFO]: Loaded 0 recipes
[08:04:30] [main/INFO]: Loaded 0 advancements
[08:04:31] [Server thread/INFO]: Starting minecraft server version 1.13.2
[08:04:31] [Server thread/INFO]: Loading properties
[08:04:31] [Server thread/INFO]: Default game type: SURVIVAL
[08:04:31] [Server thread/INFO]: Generating keypair
[08:04:31] [Server thread/INFO]: Starting Minecraft server on *:25566
[08:04:31] [Server thread/INFO]: Using default channel type
[08:04:33] [Server thread/INFO]: Preparing level "world"
[08:04:33] [Server thread/INFO]: Reloading ResourceManager: Default
[08:04:33] [Server thread/INFO]: Loaded 524 recipes
[08:04:34] [Server thread/INFO]: Loaded 571 advancements
[08:04:34] [Server thread/INFO]: Preparing start region for dimension minecraft:overworld
[08:04:34] [Server thread/INFO]: Preparing spawn area: 4%
[08:04:34] [Server thread/INFO]: Preparing spawn area: 8%
[08:04:34] [Server thread/INFO]: Preparing spawn area: 12%
[08:04:34] [Server thread/INFO]: Preparing spawn area: 16%
[08:04:34] [Server thread/INFO]: Preparing spawn area: 20%
[08:04:34] [Server thread/INFO]: Preparing spawn area: 24%
[08:04:34] [Server thread/INFO]: Preparing spawn area: 28%
[08:04:34] [Server thread/INFO]: Preparing spawn area: 32%
[08:04:34] [Server thread/INFO]: Preparing spawn area: 36%
[08:04:34] [Server thread/INFO]: Preparing spawn area: 40%
[08:04:34] [Server thread/INFO]: Preparing spawn area: 44%
[08:04:34] [Server thread/INFO]: Preparing spawn area: 48%
[08:04:35] [Server thread/INFO]: Preparing spawn area: 52%
[08:04:35] [Server thread/INFO]: Preparing spawn area: 56%
[08:04:35] [Server thread/INFO]: Preparing spawn area: 60%
[08:04:35] [Server thread/INFO]: Preparing spawn area: 64%
[08:04:35] [Server thread/INFO]: Preparing spawn area: 68%
[08:04:35] [Server thread/INFO]: Preparing spawn area: 72%
[08:04:35] [Server thread/INFO]: Preparing spawn area: 76%
[08:04:35] [Server thread/INFO]: Preparing spawn area: 80%
[08:04:35] [Server thread/INFO]: Preparing spawn area: 84%
[08:04:35] [Server thread/INFO]: Preparing spawn area: 88%
[08:04:35] [Server thread/INFO]: Preparing spawn area: 92%
[08:04:35] [Server thread/INFO]: Preparing spawn area: 96%
[08:04:35] [Server thread/INFO]: Preparing spawn area: 100%
[08:04:35] [Server thread/INFO]: Time elapsed: 791 ms
[08:04:35] [Server thread/INFO]: Done (2.103s)! For help, type "help"
[08:07:43] [User Authenticator #1/INFO]: UUID of player FusionCarcass is f0b29e89-f0dc-45e8-954d-3fbe6b97b6ed
[08:07:43] [Server thread/INFO]: FusionCarcass[/127.0.0.1:9133] logged in with entity id 268 at (-2.516296717209971, 75.0, -208.6999999880791)
[08:07:43] [Server thread/INFO]: FusionCarcass joined the game
[08:07:49] [Server thread/INFO]: Set FusionCarcass's game mode to Creative Mode
[08:09:47] [Server thread/WARN]: Can't keep up! Is the server overloaded? Running 2032ms or 40 ticks behind
[09:26:09] [Server thread/INFO]: FusionCarcass lost connection: Disconnected
[09:26:09] [Server thread/INFO]: FusionCarcass left the game
[09:31:13] [User Authenticator #2/INFO]: UUID of player FusionCarcass is f0b29e89-f0dc-45e8-954d-3fbe6b97b6ed
[09:31:13] [Server thread/INFO]: FusionCarcass[/127.0.0.1:9535] logged in with entity id 60684 at (94.84065611447863, 68.5, 3.810120945388743)
[09:31:13] [Server thread/INFO]: FusionCarcass joined the game
[09:31:27] [Server thread/INFO]: Set FusionCarcass's game mode to Creative Mode
[09:41:12] [Server thread/INFO]: FusionCarcass lost connection: Disconnected
[09:41:12] [Server thread/INFO]: FusionCarcass left the game
[11:41:10] [Server Shutdown Thread/INFO]: Stopping server
[11:41:10] [Server Shutdown Thread/INFO]: Saving players
